Сборка начата 29.04.2020 13:26:15.
Уровень детализации журнала: Normal.     1>Проект "C:\Users\User\Documents\ОАиП\2 сем\OneMoreOlimp\Game\Game.vcxproj" в узле 2 (целевые объекты Build).
     1>InitializeBuildStatus:
         Создание "Debug\Game.tlog\unsuccessfulbuild", так как было задано "AlwaysCreate".
       ClCompile:
         C:\Program Files (x86)\Microsoft Visual Studio\2019\Community\VC\Tools\MSVC\14.25.28610\bin\HostX86\x86\CL.exe /c /ZI /JMC /nologo /W3 /WX- /diagnostics:column /sdl /Od /Oy- /D WIN32 /D _DEBUG /D _CONSOLE /D _UNICODE /D UNICODE /Gm- /EHsc /RTC1 /MDd /GS /fp:precise /permissive- /Zc:wchar_t /Zc:forScope /Zc:inline /Fo"Debug\\" /Fd"Debug\vc142.pdb" /Gd /TP /analyze- /FC /errorReport:prompt Game.cpp
         Game.cpp
     1>C:\Users\User\Documents\ОАиП\2 сем\OneMoreOlimp\Game\Game.cpp(30,20): warning C4018: <: несоответствие типов со знаком и без знака
       Link:
         C:\Program Files (x86)\Microsoft Visual Studio\2019\Community\VC\Tools\MSVC\14.25.28610\bin\HostX86\x86\link.exe /ERRORREPORT:PROMPT /OUT:"C:\Users\User\Documents\ОАиП\2 сем\OneMoreOlimp\Debug\Game.exe" /INCREMENTAL /NOLOGO kernel32.lib user32.lib gdi32.lib winspool.lib comdlg32.lib advapi32.lib shell32.lib ole32.lib oleaut32.lib uuid.lib odbc32.lib odbccp32.lib /MANIFEST /MANIFESTUAC:"level='asInvoker' uiAccess='false'" /manifest:embed /DEBUG:FASTLINK /PDB:"C:\Users\User\Documents\ОАиП\2 сем\OneMoreOlimp\Debug\Game.pdb" /SUBSYSTEM:CONSOLE /TLBID:1 /DYNAMICBASE /NXCOMPAT /IMPLIB:"C:\Users\User\Documents\ОАиП\2 сем\OneMoreOlimp\Debug\Game.lib" /MACHINE:X86 Debug\Game.obj
         Game.vcxproj -> C:\Users\User\Documents\ОАиП\2 сем\OneMoreOlimp\Debug\Game.exe
       FinalizeBuildStatus:
         Файл "Debug\Game.tlog\unsuccessfulbuild" удаляется.
         Обращение к "Debug\Game.tlog\Game.lastbuildstate".
     1>Сборка проекта "C:\Users\User\Documents\ОАиП\2 сем\OneMoreOlimp\Game\Game.vcxproj" завершена (целевые объекты Build).

Сборка успешно завершена.

       "C:\Users\User\Documents\ОАиП\2 сем\OneMoreOlimp\Game\Game.vcxproj" (целевой объект Build ) (1) ->
       (Целевой объект ClCompile) -> 
         C:\Users\User\Documents\ОАиП\2 сем\OneMoreOlimp\Game\Game.cpp(30,20): warning C4018: <: несоответствие типов со знаком и без знака

    Предупреждений: 1
    Ошибок: 0

Прошло времени 00:00:00.92
