Сборка начата 21.04.2020 18:47:19.
Уровень детализации журнала: Normal.     1>Проект "C:\Users\User\Documents\ОАиП\2 сем\Labs_2term\Lab_06\Lab_06.vcxproj" в узле 2 (целевые объекты Build).
     1>InitializeBuildStatus:
         Создание "Debug\Lab_06.tlog\unsuccessfulbuild", так как было задано "AlwaysCreate".
       ClCompile:
         C:\Program Files (x86)\Microsoft Visual Studio\2019\Community\VC\Tools\MSVC\14.25.28610\bin\HostX86\x86\CL.exe /c /ZI /JMC /nologo /W3 /WX- /diagnostics:column /sdl /Od /Oy- /D WIN32 /D _DEBUG /D _CONSOLE /D _UNICODE /D UNICODE /Gm- /EHsc /RTC1 /MDd /GS /fp:precise /permissive- /Zc:wchar_t /Zc:forScope /Zc:inline /Fo"Debug\\" /Fd"Debug\vc142.pdb" /Gd /TP /analyze- /FC /errorReport:prompt La_06_fun.cpp Lab_06.cpp
         La_06_fun.cpp
     1>C:\Users\User\Documents\ОАиП\2 сем\Labs_2term\Lab_06\La_06_fun.cpp(130,6): warning C4101: choice: неиспользованная локальная переменная
         Lab_06.cpp
         Создание кода...
       Link:
         C:\Program Files (x86)\Microsoft Visual Studio\2019\Community\VC\Tools\MSVC\14.25.28610\bin\HostX86\x86\link.exe /ERRORREPORT:PROMPT /OUT:"C:\Users\User\Documents\ОАиП\2 сем\Labs_2term\Debug\Lab_06.exe" /INCREMENTAL /NOLOGO kernel32.lib user32.lib gdi32.lib winspool.lib comdlg32.lib advapi32.lib shell32.lib ole32.lib oleaut32.lib uuid.lib odbc32.lib odbccp32.lib /MANIFEST /MANIFESTUAC:"level='asInvoker' uiAccess='false'" /manifest:embed /DEBUG:FASTLINK /PDB:"C:\Users\User\Documents\ОАиП\2 сем\Labs_2term\Debug\Lab_06.pdb" /SUBSYSTEM:CONSOLE /TLBID:1 /DYNAMICBASE /NXCOMPAT /IMPLIB:"C:\Users\User\Documents\ОАиП\2 сем\Labs_2term\Debug\Lab_06.lib" /MACHINE:X86 Debug\Lab_06.obj
         Debug\La_06_fun.obj
         Lab_06.vcxproj -> C:\Users\User\Documents\ОАиП\2 сем\Labs_2term\Debug\Lab_06.exe
       FinalizeBuildStatus:
         Файл "Debug\Lab_06.tlog\unsuccessfulbuild" удаляется.
         Обращение к "Debug\Lab_06.tlog\Lab_06.lastbuildstate".
     1>Сборка проекта "C:\Users\User\Documents\ОАиП\2 сем\Labs_2term\Lab_06\Lab_06.vcxproj" завершена (целевые объекты Build).

Сборка успешно завершена.

       "C:\Users\User\Documents\ОАиП\2 сем\Labs_2term\Lab_06\Lab_06.vcxproj" (целевой объект Build ) (1) ->
       (Целевой объект ClCompile) -> 
         C:\Users\User\Documents\ОАиП\2 сем\Labs_2term\Lab_06\La_06_fun.cpp(130,6): warning C4101: choice: неиспользованная локальная переменная

    Предупреждений: 1
    Ошибок: 0

Прошло времени 00:00:01.21
