Сборка начата 29.04.2020 16:33:14.
Уровень детализации журнала: Normal.     1>Проект "C:\Users\User\Documents\ОАиП\2 сем\OneMoreOlimp\happy\happy.vcxproj" в узле 2 (целевые объекты Build).
     1>InitializeBuildStatus:
         Создание "Debug\happy.tlog\unsuccessfulbuild", так как было задано "AlwaysCreate".
       ClCompile:
         C:\Program Files (x86)\Microsoft Visual Studio\2019\Community\VC\Tools\MSVC\14.25.28610\bin\HostX86\x86\CL.exe /c /ZI /JMC /nologo /W3 /WX- /diagnostics:column /sdl /Od /Oy- /D WIN32 /D _DEBUG /D _CONSOLE /D _UNICODE /D UNICODE /Gm- /EHsc /RTC1 /MDd /GS /fp:precise /permissive- /Zc:wchar_t /Zc:forScope /Zc:inline /Fo"Debug\\" /Fd"Debug\vc142.pdb" /Gd /TP /analyze- /FC /errorReport:prompt happy.cpp
         happy.cpp
     1>C:\Users\User\Documents\ОАиП\2 сем\OneMoreOlimp\happy\happy.cpp(7,30): warning C4244: return: преобразование "double" в "int", возможна потеря данных
     1>C:\Users\User\Documents\ОАиП\2 сем\OneMoreOlimp\happy\happy.cpp(18,1): warning C4326: возвращаемый тип "main" должен быть "int", а не "void"
       Link:
         C:\Program Files (x86)\Microsoft Visual Studio\2019\Community\VC\Tools\MSVC\14.25.28610\bin\HostX86\x86\link.exe /ERRORREPORT:PROMPT /OUT:"C:\Users\User\Documents\ОАиП\2 сем\OneMoreOlimp\Debug\happy.exe" /INCREMENTAL /NOLOGO kernel32.lib user32.lib gdi32.lib winspool.lib comdlg32.lib advapi32.lib shell32.lib ole32.lib oleaut32.lib uuid.lib odbc32.lib odbccp32.lib /MANIFEST /MANIFESTUAC:"level='asInvoker' uiAccess='false'" /manifest:embed /DEBUG:FASTLINK /PDB:"C:\Users\User\Documents\ОАиП\2 сем\OneMoreOlimp\Debug\happy.pdb" /SUBSYSTEM:CONSOLE /TLBID:1 /DYNAMICBASE /NXCOMPAT /IMPLIB:"C:\Users\User\Documents\ОАиП\2 сем\OneMoreOlimp\Debug\happy.lib" /MACHINE:X86 Debug\happy.obj
         happy.vcxproj -> C:\Users\User\Documents\ОАиП\2 сем\OneMoreOlimp\Debug\happy.exe
       FinalizeBuildStatus:
         Файл "Debug\happy.tlog\unsuccessfulbuild" удаляется.
         Обращение к "Debug\happy.tlog\happy.lastbuildstate".
     1>Сборка проекта "C:\Users\User\Documents\ОАиП\2 сем\OneMoreOlimp\happy\happy.vcxproj" завершена (целевые объекты Build).

Сборка успешно завершена.

       "C:\Users\User\Documents\ОАиП\2 сем\OneMoreOlimp\happy\happy.vcxproj" (целевой объект Build ) (1) ->
       (Целевой объект ClCompile) -> 
         C:\Users\User\Documents\ОАиП\2 сем\OneMoreOlimp\happy\happy.cpp(7,30): warning C4244: return: преобразование "double" в "int", возможна потеря данных
         C:\Users\User\Documents\ОАиП\2 сем\OneMoreOlimp\happy\happy.cpp(18,1): warning C4326: возвращаемый тип "main" должен быть "int", а не "void"

    Предупреждений: 2
    Ошибок: 0

Прошло времени 00:00:01.37
