Сборка начата 09.06.2020 16:48:24.
Уровень детализации журнала: Normal.     1>Проект "C:\Users\dmitr\source\repos\LR13(HASH)\LR13(HASH).vcxproj" в узле 2 (целевые объекты Build).
     1>InitializeBuildStatus:
         Обращение к "Debug\LR13(HASH).tlog\unsuccessfulbuild".
       ClCompile:
         C:\Program Files (x86)\Microsoft Visual Studio\2019\Community\VC\Tools\MSVC\14.26.28801\bin\HostX86\x86\CL.exe /c /ZI /JMC /nologo /W3 /WX- /diagnostics:column /sdl /Od /Oy- /D _DEBUG /D _CONSOLE /D _UNICODE /D UNICODE /Gm- /EHsc /RTC1 /MDd /GS /fp:precise /permissive- /Zc:wchar_t /Zc:forScope /Zc:inline /Fo"Debug\\" /Fd"Debug\vc142.pdb" /Gd /TP /analyze- /FC /errorReport:prompt Hash_functions.cpp LR13.cpp
         Hash_functions.cpp
     1>C:\Users\dmitr\source\repos\LR13(HASH)\Hash_functions.cpp(12,15): warning C4244: return: преобразование "double" в "int", возможна потеря данных
         LR13.cpp
         Создание кода...
       Link:
         C:\Program Files (x86)\Microsoft Visual Studio\2019\Community\VC\Tools\MSVC\14.26.28801\bin\HostX86\x86\link.exe /ERRORREPORT:PROMPT /OUT:"C:\Users\dmitr\source\repos\LR13(HASH)\Debug\LR13(HASH).exe" /INCREMENTAL /NOLOGO kernel32.lib user32.lib gdi32.lib winspool.lib comdlg32.lib advapi32.lib shell32.lib ole32.lib oleaut32.lib uuid.lib odbc32.lib odbccp32.lib /MANIFEST /MANIFESTUAC:"level='asInvoker' uiAccess='false'" /manifest:embed /DEBUG:FASTLINK /PDB:"C:\Users\dmitr\source\repos\LR13(HASH)\Debug\LR13(HASH).pdb" /SUBSYSTEM:CONSOLE /TLBID:1 /DYNAMICBASE /NXCOMPAT /IMPLIB:"C:\Users\dmitr\source\repos\LR13(HASH)\Debug\LR13(HASH).lib" /MACHINE:X86 Debug\Hash_functions.obj
         Debug\LR13.obj
         LR13(HASH).vcxproj -> C:\Users\dmitr\source\repos\LR13(HASH)\Debug\LR13(HASH).exe
       FinalizeBuildStatus:
         Файл "Debug\LR13(HASH).tlog\unsuccessfulbuild" удаляется.
         Обращение к "Debug\LR13(HASH).tlog\LR13(HASH).lastbuildstate".
     1>Сборка проекта "C:\Users\dmitr\source\repos\LR13(HASH)\LR13(HASH).vcxproj" завершена (целевые объекты Build).

Сборка успешно завершена.

       "C:\Users\dmitr\source\repos\LR13(HASH)\LR13(HASH).vcxproj" (целевой объект Build ) (1) ->
       (Целевой объект ClCompile) -> 
         C:\Users\dmitr\source\repos\LR13(HASH)\Hash_functions.cpp(12,15): warning C4244: return: преобразование "double" в "int", возможна потеря данных

    Предупреждений: 1
    Ошибок: 0

Прошло времени 00:00:01.56
