Сборка начата 21.04.2020 19:04:48.
Уровень детализации журнала: Normal.     1>Проект "C:\Users\User\Documents\ОАиП\2 сем\Labs_2term\Lab_08\Lab_08.vcxproj" в узле 2 (целевые объекты Build).
     1>InitializeBuildStatus:
         Обращение к "Debug\Lab_08.tlog\unsuccessfulbuild".
       ClCompile:
         C:\Program Files (x86)\Microsoft Visual Studio\2019\Community\VC\Tools\MSVC\14.25.28610\bin\HostX86\x86\CL.exe /c /ZI /JMC /nologo /W3 /WX- /diagnostics:column /sdl /Od /Oy- /D WIN32 /D _DEBUG /D _CONSOLE /D _UNICODE /D UNICODE /Gm- /EHsc /RTC1 /MDd /GS /fp:precise /permissive- /Zc:wchar_t /Zc:forScope /Zc:inline /Fo"Debug\\" /Fd"Debug\vc142.pdb" /Gd /TP /analyze- /FC /errorReport:prompt Lab_08_dop3.cpp
         Lab_08_dop3.cpp
     1>C:\Users\User\Documents\ОАиП\2 сем\Labs_2term\Lab_08\Lab_08_dop3.cpp(21,1): warning C4326: возвращаемый тип "main" должен быть "int", а не "void"
     1>C:\Users\User\Documents\ОАиП\2 сем\Labs_2term\Lab_08\Lab_08_dop3.cpp(84,1): error C2362: пропуск инициализации "jj" из-за перехода "goto end"
       C:\Users\User\Documents\ОАиП\2 сем\Labs_2term\Lab_08\Lab_08_dop3.cpp(61): message : см. объявление "jj"
       C:\Users\User\Documents\ОАиП\2 сем\Labs_2term\Lab_08\Lab_08_dop3.cpp(84): message : см. объявление "end"
     1>Сборка проекта "C:\Users\User\Documents\ОАиП\2 сем\Labs_2term\Lab_08\Lab_08.vcxproj" завершена (целевые объекты Build) с ошибкой.

Ошибка сборки.

       "C:\Users\User\Documents\ОАиП\2 сем\Labs_2term\Lab_08\Lab_08.vcxproj" (целевой объект Build ) (1) ->
       (Целевой объект ClCompile) -> 
         C:\Users\User\Documents\ОАиП\2 сем\Labs_2term\Lab_08\Lab_08_dop3.cpp(21,1): warning C4326: возвращаемый тип "main" должен быть "int", а не "void"


       "C:\Users\User\Documents\ОАиП\2 сем\Labs_2term\Lab_08\Lab_08.vcxproj" (целевой объект Build ) (1) ->
       (Целевой объект ClCompile) -> 
         C:\Users\User\Documents\ОАиП\2 сем\Labs_2term\Lab_08\Lab_08_dop3.cpp(84,1): error C2362: пропуск инициализации "jj" из-за перехода "goto end"

    Предупреждений: 1
    Ошибок: 1

Прошло времени 00:00:00.52
