Сборка начата 12.05.2020 18:33:20.
Уровень детализации журнала: Normal.     1>Проект "C:\Users\User\Documents\ОАиП\2 сем\Labs_2term\Lab_11dop\Lab_11dop.vcxproj" в узле 2 (целевые объекты Build).
     1>InitializeBuildStatus:
         Создание "Debug\Lab_11dop.tlog\unsuccessfulbuild", так как было задано "AlwaysCreate".
       ClCompile:
         C:\Program Files (x86)\Microsoft Visual Studio\2019\Community\VC\Tools\MSVC\14.25.28610\bin\HostX86\x86\CL.exe /c /ZI /JMC /nologo /W3 /WX- /diagnostics:column /sdl /Od /Oy- /D WIN32 /D _DEBUG /D _CONSOLE /D _UNICODE /D UNICODE /Gm- /EHsc /RTC1 /MDd /GS /fp:precise /permissive- /Zc:wchar_t /Zc:forScope /Zc:inline /Fo"Debug\\" /Fd"Debug\vc142.pdb" /Gd /TP /analyze- /FC /errorReport:prompt Lab_11dop.cpp
         Lab_11dop.cpp
     1>C:\Users\User\Documents\ОАиП\2 сем\Labs_2term\Lab_11dop\Lab_11dop.cpp(29,1): warning C4326: возвращаемый тип "main" должен быть "int", а не "void"
     1>C:\Users\User\Documents\ОАиП\2 сем\Labs_2term\Lab_11dop\Lab_11dop.cpp(32,27): warning C4101: letter: неиспользованная локальная переменная
     1>C:\Users\User\Documents\ОАиП\2 сем\Labs_2term\Lab_11dop\Lab_11dop.cpp(31,20): warning C4101: n: неиспользованная локальная переменная
       Link:
         C:\Program Files (x86)\Microsoft Visual Studio\2019\Community\VC\Tools\MSVC\14.25.28610\bin\HostX86\x86\link.exe /ERRORREPORT:PROMPT /OUT:"C:\Users\User\Documents\ОАиП\2 сем\Labs_2term\Debug\Lab_11dop.exe" /INCREMENTAL /NOLOGO kernel32.lib user32.lib gdi32.lib winspool.lib comdlg32.lib advapi32.lib shell32.lib ole32.lib oleaut32.lib uuid.lib odbc32.lib odbccp32.lib /MANIFEST /MANIFESTUAC:"level='asInvoker' uiAccess='false'" /manifest:embed /DEBUG:FASTLINK /PDB:"C:\Users\User\Documents\ОАиП\2 сем\Labs_2term\Debug\Lab_11dop.pdb" /SUBSYSTEM:CONSOLE /TLBID:1 /DYNAMICBASE /NXCOMPAT /IMPLIB:"C:\Users\User\Documents\ОАиП\2 сем\Labs_2term\Debug\Lab_11dop.lib" /MACHINE:X86 Debug\Lab_11dop.obj
         Lab_11dop.vcxproj -> C:\Users\User\Documents\ОАиП\2 сем\Labs_2term\Debug\Lab_11dop.exe
       FinalizeBuildStatus:
         Файл "Debug\Lab_11dop.tlog\unsuccessfulbuild" удаляется.
         Обращение к "Debug\Lab_11dop.tlog\Lab_11dop.lastbuildstate".
     1>Сборка проекта "C:\Users\User\Documents\ОАиП\2 сем\Labs_2term\Lab_11dop\Lab_11dop.vcxproj" завершена (целевые объекты Build).

Сборка успешно завершена.

       "C:\Users\User\Documents\ОАиП\2 сем\Labs_2term\Lab_11dop\Lab_11dop.vcxproj" (целевой объект Build ) (1) ->
       (Целевой объект ClCompile) -> 
         C:\Users\User\Documents\ОАиП\2 сем\Labs_2term\Lab_11dop\Lab_11dop.cpp(29,1): warning C4326: возвращаемый тип "main" должен быть "int", а не "void"
         C:\Users\User\Documents\ОАиП\2 сем\Labs_2term\Lab_11dop\Lab_11dop.cpp(32,27): warning C4101: letter: неиспользованная локальная переменная
         C:\Users\User\Documents\ОАиП\2 сем\Labs_2term\Lab_11dop\Lab_11dop.cpp(31,20): warning C4101: n: неиспользованная локальная переменная

    Предупреждений: 3
    Ошибок: 0

Прошло времени 00:00:01.42
