Сборка начата 29.04.2020 14:47:30.
Уровень детализации журнала: Normal.     1>Проект "C:\Users\User\Documents\ОАиП\2 сем\OneMoreOlimp\Age\Age.vcxproj" в узле 2 (целевые объекты Build).
     1>InitializeBuildStatus:
         Создание "Debug\Age.tlog\unsuccessfulbuild", так как было задано "AlwaysCreate".
       ClCompile:
         C:\Program Files (x86)\Microsoft Visual Studio\2019\Community\VC\Tools\MSVC\14.25.28610\bin\HostX86\x86\CL.exe /c /ZI /JMC /nologo /W3 /WX- /diagnostics:column /sdl /Od /Oy- /D WIN32 /D _DEBUG /D _CONSOLE /D _UNICODE /D UNICODE /Gm- /EHsc /RTC1 /MDd /GS /fp:precise /permissive- /Zc:wchar_t /Zc:forScope /Zc:inline /Fo"Debug\\" /Fd"Debug\vc142.pdb" /Gd /TP /analyze- /FC /errorReport:prompt Age.cpp
         Age.cpp
     1>C:\Users\User\Documents\ОАиП\2 сем\OneMoreOlimp\Age\Age.cpp(9,14): warning C4244: =: преобразование "double" в "int", возможна потеря данных
     1>C:\Users\User\Documents\ОАиП\2 сем\OneMoreOlimp\Age\Age.cpp(10,14): warning C4244: =: преобразование "double" в "int", возможна потеря данных
       Link:
         C:\Program Files (x86)\Microsoft Visual Studio\2019\Community\VC\Tools\MSVC\14.25.28610\bin\HostX86\x86\link.exe /ERRORREPORT:PROMPT /OUT:"C:\Users\User\Documents\ОАиП\2 сем\OneMoreOlimp\Debug\Age.exe" /INCREMENTAL /NOLOGO kernel32.lib user32.lib gdi32.lib winspool.lib comdlg32.lib advapi32.lib shell32.lib ole32.lib oleaut32.lib uuid.lib odbc32.lib odbccp32.lib /MANIFEST /MANIFESTUAC:"level='asInvoker' uiAccess='false'" /manifest:embed /DEBUG:FASTLINK /PDB:"C:\Users\User\Documents\ОАиП\2 сем\OneMoreOlimp\Debug\Age.pdb" /SUBSYSTEM:CONSOLE /TLBID:1 /DYNAMICBASE /NXCOMPAT /IMPLIB:"C:\Users\User\Documents\ОАиП\2 сем\OneMoreOlimp\Debug\Age.lib" /MACHINE:X86 Debug\Age.obj
         Age.vcxproj -> C:\Users\User\Documents\ОАиП\2 сем\OneMoreOlimp\Debug\Age.exe
       FinalizeBuildStatus:
         Файл "Debug\Age.tlog\unsuccessfulbuild" удаляется.
         Обращение к "Debug\Age.tlog\Age.lastbuildstate".
     1>Сборка проекта "C:\Users\User\Documents\ОАиП\2 сем\OneMoreOlimp\Age\Age.vcxproj" завершена (целевые объекты Build).

Сборка успешно завершена.

       "C:\Users\User\Documents\ОАиП\2 сем\OneMoreOlimp\Age\Age.vcxproj" (целевой объект Build ) (1) ->
       (Целевой объект ClCompile) -> 
         C:\Users\User\Documents\ОАиП\2 сем\OneMoreOlimp\Age\Age.cpp(9,14): warning C4244: =: преобразование "double" в "int", возможна потеря данных
         C:\Users\User\Documents\ОАиП\2 сем\OneMoreOlimp\Age\Age.cpp(10,14): warning C4244: =: преобразование "double" в "int", возможна потеря данных

    Предупреждений: 2
    Ошибок: 0

Прошло времени 00:00:00.67
